#-----------------------------------------------------------
# PlanAhead v14.7 (64-bit)
# Build 321239 by xbuild on Fri Sep 27 19:29:51 MDT 2013
# Start of session at: Tue Mar 18 12:42:05 2025
# Process ID: 11448
# Log file: E:/Universidad/Telematica/4o/SOCS-FPGAS/lab3/planAhead_run_2/planAhead.log
# Journal file: E:/Universidad/Telematica/4o/SOCS-FPGAS/lab3/planAhead_run_2/planAhead.jou
#-----------------------------------------------------------
INFO: [Common 17-78] Attempting to get a license: PlanAhead
INFO: [Common 17-290] Got license for PlanAhead
INFO: [Common 17-86] Your PlanAhead license expires in -1142 day(s)
INFO: [Device 21-36] Loading parts and site information from C:/Xilinx/14.7/ISE_DS/PlanAhead/data/parts/arch.xml
Parsing RTL primitives file [C:/Xilinx/14.7/ISE_DS/PlanAhead/data/parts/xilinx/rtl/prims/rtl_prims.xml]
Finished parsing RTL primitives file [C:/Xilinx/14.7/ISE_DS/PlanAhead/data/parts/xilinx/rtl/prims/rtl_prims.xml]
start_gui
INFO: [Common 17-81] Feature available: PartialReconfiguration
source E:/Universidad/Telematica/4o/SOCS-FPGAS/lab3/pa.fromNetlist.tcl
# create_project -name lab3 -dir "E:/Universidad/Telematica/4o/SOCS-FPGAS/lab3/planAhead_run_2" -part xc7z020clg484-1
ERROR: [Common 17-53] User Exception: Project already exists on disk, please use '-force' option to overwrite: 
     E:/Universidad/Telematica/4o/SOCS-FPGAS/lab3/planAhead_run_2/lab3.ppr
     E:/Universidad/Telematica/4o/SOCS-FPGAS/lab3/planAhead_run_2/lab3.data

    while executing
"create_project -name lab3 -dir "E:/Universidad/Telematica/4o/SOCS-FPGAS/lab3/planAhead_run_2" -part xc7z020clg484-1"
    (file "E:/Universidad/Telematica/4o/SOCS-FPGAS/lab3/pa.fromNetlist.tcl" line 4)
exit
INFO: [Common 17-206] Exiting PlanAhead at Tue Mar 18 12:42:16 2025...
INFO: [Common 17-83] Releasing license: PlanAhead
