ISim log file
Running: E:\Universidad\Telematica\4o\SOCS-FPGAS\lab2\lab1c_tb_isim_beh.exe -intstyle ise -gui -tclbatch isim.cmd -wdb E:/Universidad/Telematica/4o/SOCS-FPGAS/lab2/lab1c_tb_isim_beh.wdb 
ISim P.20131013 (signature 0x7708f090)
----------------------------------------------------------------------
INFO:Security:50 - The XILINXD_LICENSE_FILE environment variable is set to '2100@212.128.45.61'.
INFO:Security:53 - The LM_LICENSE_FILE environment variable is not set.
WARNING:Security:43 - No license file was found in the standard Xilinx license directory.
WARNING:Security:44 - Since no license file was found,
       please run the Xilinx License Configuration Manager
       (xlcm or "Manage Xilinx Licenses")
       to assist in obtaining a license.
WARNING:Security:42 - Your software subscription period has lapsed. Your current version of Xilinx tools will continue to function, but you no longer qualify for Xilinx software updates or new releases.


----------------------------------------------------------------------
This is a Full version of ISim.
Time resolution is 1 ps
# onerror resume
# wave add /
# run 1000 ns
Simulator is doing circuit initialization process.
at 0 ps, Instance /lab1c_tb/uut/modulo2_vga/ : Warning: NUMERIC_STD."<=": metavalue detected, returning FALSE
at 0 ps, Instance /lab1c_tb/uut/modulo2_vga/ : Warning: NUMERIC_STD."<=": metavalue detected, returning FALSE
Finished circuit initialization process.
at 5 ns(1), Instance /lab1c_tb/uut/modulo1_reloj/ : Warning: NUMERIC_STD."=": metavalue detected, returning FALSE
at 15 ns(1), Instance /lab1c_tb/uut/modulo1_reloj/ : Warning: NUMERIC_STD."=": metavalue detected, returning FALSE
at 25 ns(1), Instance /lab1c_tb/uut/modulo1_reloj/ : Warning: NUMERIC_STD."=": metavalue detected, returning FALSE
at 35 ns(1), Instance /lab1c_tb/uut/modulo1_reloj/ : Warning: NUMERIC_STD."=": metavalue detected, returning FALSE
at 45 ns(1), Instance /lab1c_tb/uut/modulo1_reloj/ : Warning: NUMERIC_STD."=": metavalue detected, returning FALSE
at 55 ns(1), Instance /lab1c_tb/uut/modulo1_reloj/ : Warning: NUMERIC_STD."=": metavalue detected, returning FALSE
at 65 ns(1), Instance /lab1c_tb/uut/modulo1_reloj/ : Warning: NUMERIC_STD."=": metavalue detected, returning FALSE
at 75 ns(1), Instance /lab1c_tb/uut/modulo1_reloj/ : Warning: NUMERIC_STD."=": metavalue detected, returning FALSE
at 85 ns(1), Instance /lab1c_tb/uut/modulo1_reloj/ : Warning: NUMERIC_STD."=": metavalue detected, returning FALSE
at 95 ns(1), Instance /lab1c_tb/uut/modulo1_reloj/ : Warning: NUMERIC_STD."=": metavalue detected, returning FALSE
at 105 ns(1), Instance /lab1c_tb/uut/modulo1_reloj/ : Warning: NUMERIC_STD."=": metavalue detected, returning FALSE
at 115 ns(1), Instance /lab1c_tb/uut/modulo1_reloj/ : Warning: NUMERIC_STD."=": metavalue detected, returning FALSE
at 125 ns(1), Instance /lab1c_tb/uut/modulo1_reloj/ : Warning: NUMERIC_STD."=": metavalue detected, returning FALSE
at 135 ns(1), Instance /lab1c_tb/uut/modulo1_reloj/ : Warning: NUMERIC_STD."=": metavalue detected, returning FALSE
at 145 ns(1), Instance /lab1c_tb/uut/modulo1_reloj/ : Warning: NUMERIC_STD."=": metavalue detected, returning FALSE
at 155 ns(1), Instance /lab1c_tb/uut/modulo1_reloj/ : Warning: NUMERIC_STD."=": metavalue detected, returning FALSE
at 165 ns(1), Instance /lab1c_tb/uut/modulo1_reloj/ : Warning: NUMERIC_STD."=": metavalue detected, returning FALSE
at 175 ns(1), Instance /lab1c_tb/uut/modulo1_reloj/ : Warning: NUMERIC_STD."=": metavalue detected, returning FALSE
at 185 ns(1), Instance /lab1c_tb/uut/modulo1_reloj/ : Warning: NUMERIC_STD."=": metavalue detected, returning FALSE
at 195 ns(1), Instance /lab1c_tb/uut/modulo1_reloj/ : Warning: NUMERIC_STD."=": metavalue detected, returning FALSE
at 205 ns(1), Instance /lab1c_tb/uut/modulo1_reloj/ : Warning: NUMERIC_STD."=": metavalue detected, returning FALSE
at 215 ns(1), Instance /lab1c_tb/uut/modulo1_reloj/ : Warning: NUMERIC_STD."=": metavalue detected, returning FALSE
at 225 ns(1), Instance /lab1c_tb/uut/modulo1_reloj/ : Warning: NUMERIC_STD."=": metavalue detected, returning FALSE
at 235 ns(1), Instance /lab1c_tb/uut/modulo1_reloj/ : Warning: NUMERIC_STD."=": metavalue detected, returning FALSE
at 245 ns(1), Instance /lab1c_tb/uut/modulo1_reloj/ : Warning: NUMERIC_STD."=": metavalue detected, returning FALSE
at 255 ns(1), Instance /lab1c_tb/uut/modulo1_reloj/ : Warning: NUMERIC_STD."=": metavalue detected, returning FALSE
at 265 ns(1), Instance /lab1c_tb/uut/modulo1_reloj/ : Warning: NUMERIC_STD."=": metavalue detected, returning FALSE
at 275 ns(1), Instance /lab1c_tb/uut/modulo1_reloj/ : Warning: NUMERIC_STD."=": metavalue detected, returning FALSE
at 285 ns(1), Instance /lab1c_tb/uut/modulo1_reloj/ : Warning: NUMERIC_STD."=": metavalue detected, returning FALSE
at 295 ns(1), Instance /lab1c_tb/uut/modulo1_reloj/ : Warning: NUMERIC_STD."=": metavalue detected, returning FALSE
at 305 ns(1), Instance /lab1c_tb/uut/modulo1_reloj/ : Warning: NUMERIC_STD."=": metavalue detected, returning FALSE
at 315 ns(1), Instance /lab1c_tb/uut/modulo1_reloj/ : Warning: NUMERIC_STD."=": metavalue detected, returning FALSE
at 325 ns(1), Instance /lab1c_tb/uut/modulo1_reloj/ : Warning: NUMERIC_STD."=": metavalue detected, returning FALSE
at 335 ns(1), Instance /lab1c_tb/uut/modulo1_reloj/ : Warning: NUMERIC_STD."=": metavalue detected, returning FALSE
at 345 ns(1), Instance /lab1c_tb/uut/modulo1_reloj/ : Warning: NUMERIC_STD."=": metavalue detected, returning FALSE
at 355 ns(1), Instance /lab1c_tb/uut/modulo1_reloj/ : Warning: NUMERIC_STD."=": metavalue detected, returning FALSE
at 365 ns(1), Instance /lab1c_tb/uut/modulo1_reloj/ : Warning: NUMERIC_STD."=": metavalue detected, returning FALSE
at 375 ns(1), Instance /lab1c_tb/uut/modulo1_reloj/ : Warning: NUMERIC_STD."=": metavalue detected, returning FALSE
at 385 ns(1), Instance /lab1c_tb/uut/modulo1_reloj/ : Warning: NUMERIC_STD."=": metavalue detected, returning FALSE
at 395 ns(1), Instance /lab1c_tb/uut/modulo1_reloj/ : Warning: NUMERIC_STD."=": metavalue detected, returning FALSE
at 405 ns(1), Instance /lab1c_tb/uut/modulo1_reloj/ : Warning: NUMERIC_STD."=": metavalue detected, returning FALSE
at 415 ns(1), Instance /lab1c_tb/uut/modulo1_reloj/ : Warning: NUMERIC_STD."=": metavalue detected, returning FALSE
at 425 ns(1), Instance /lab1c_tb/uut/modulo1_reloj/ : Warning: NUMERIC_STD."=": metavalue detected, returning FALSE
at 435 ns(1), Instance /lab1c_tb/uut/modulo1_reloj/ : Warning: NUMERIC_STD."=": metavalue detected, returning FALSE
at 445 ns(1), Instance /lab1c_tb/uut/modulo1_reloj/ : Warning: NUMERIC_STD."=": metavalue detected, returning FALSE
at 455 ns(1), Instance /lab1c_tb/uut/modulo1_reloj/ : Warning: NUMERIC_STD."=": metavalue detected, returning FALSE
at 465 ns(1), Instance /lab1c_tb/uut/modulo1_reloj/ : Warning: NUMERIC_STD."=": metavalue detected, returning FALSE
at 475 ns(1), Instance /lab1c_tb/uut/modulo1_reloj/ : Warning: NUMERIC_STD."=": metavalue detected, returning FALSE
at 485 ns(1), Instance /lab1c_tb/uut/modulo1_reloj/ : Warning: NUMERIC_STD."=": metavalue detected, returning FALSE
at 495 ns(1), Instance /lab1c_tb/uut/modulo1_reloj/ : Warning: NUMERIC_STD."=": metavalue detected, returning FALSE
at 505 ns(1), Instance /lab1c_tb/uut/modulo1_reloj/ : Warning: NUMERIC_STD."=": metavalue detected, returning FALSE
at 515 ns(1), Instance /lab1c_tb/uut/modulo1_reloj/ : Warning: NUMERIC_STD."=": metavalue detected, returning FALSE
at 525 ns(1), Instance /lab1c_tb/uut/modulo1_reloj/ : Warning: NUMERIC_STD."=": metavalue detected, returning FALSE
at 535 ns(1), Instance /lab1c_tb/uut/modulo1_reloj/ : Warning: NUMERIC_STD."=": metavalue detected, returning FALSE
at 545 ns(1), Instance /lab1c_tb/uut/modulo1_reloj/ : Warning: NUMERIC_STD."=": metavalue detected, returning FALSE
at 555 ns(1), Instance /lab1c_tb/uut/modulo1_reloj/ : Warning: NUMERIC_STD."=": metavalue detected, returning FALSE
at 565 ns(1), Instance /lab1c_tb/uut/modulo1_reloj/ : Warning: NUMERIC_STD."=": metavalue detected, returning FALSE
at 575 ns(1), Instance /lab1c_tb/uut/modulo1_reloj/ : Warning: NUMERIC_STD."=": metavalue detected, returning FALSE
at 585 ns(1), Instance /lab1c_tb/uut/modulo1_reloj/ : Warning: NUMERIC_STD."=": metavalue detected, returning FALSE
at 595 ns(1), Instance /lab1c_tb/uut/modulo1_reloj/ : Warning: NUMERIC_STD."=": metavalue detected, returning FALSE
at 605 ns(1), Instance /lab1c_tb/uut/modulo1_reloj/ : Warning: NUMERIC_STD."=": metavalue detected, returning FALSE
at 615 ns(1), Instance /lab1c_tb/uut/modulo1_reloj/ : Warning: NUMERIC_STD."=": metavalue detected, returning FALSE
at 625 ns(1), Instance /lab1c_tb/uut/modulo1_reloj/ : Warning: NUMERIC_STD."=": metavalue detected, returning FALSE
at 635 ns(1), Instance /lab1c_tb/uut/modulo1_reloj/ : Warning: NUMERIC_STD."=": metavalue detected, returning FALSE
at 645 ns(1), Instance /lab1c_tb/uut/modulo1_reloj/ : Warning: NUMERIC_STD."=": metavalue detected, returning FALSE
at 655 ns(1), Instance /lab1c_tb/uut/modulo1_reloj/ : Warning: NUMERIC_STD."=": metavalue detected, returning FALSE
at 665 ns(1), Instance /lab1c_tb/uut/modulo1_reloj/ : Warning: NUMERIC_STD."=": metavalue detected, returning FALSE
at 675 ns(1), Instance /lab1c_tb/uut/modulo1_reloj/ : Warning: NUMERIC_STD."=": metavalue detected, returning FALSE
at 685 ns(1), Instance /lab1c_tb/uut/modulo1_reloj/ : Warning: NUMERIC_STD."=": metavalue detected, returning FALSE
at 695 ns(1), Instance /lab1c_tb/uut/modulo1_reloj/ : Warning: NUMERIC_STD."=": metavalue detected, returning FALSE
at 705 ns(1), Instance /lab1c_tb/uut/modulo1_reloj/ : Warning: NUMERIC_STD."=": metavalue detected, returning FALSE
at 715 ns(1), Instance /lab1c_tb/uut/modulo1_reloj/ : Warning: NUMERIC_STD."=": metavalue detected, returning FALSE
at 725 ns(1), Instance /lab1c_tb/uut/modulo1_reloj/ : Warning: NUMERIC_STD."=": metavalue detected, returning FALSE
at 735 ns(1), Instance /lab1c_tb/uut/modulo1_reloj/ : Warning: NUMERIC_STD."=": metavalue detected, returning FALSE
at 745 ns(1), Instance /lab1c_tb/uut/modulo1_reloj/ : Warning: NUMERIC_STD."=": metavalue detected, returning FALSE
at 755 ns(1), Instance /lab1c_tb/uut/modulo1_reloj/ : Warning: NUMERIC_STD."=": metavalue detected, returning FALSE
at 765 ns(1), Instance /lab1c_tb/uut/modulo1_reloj/ : Warning: NUMERIC_STD."=": metavalue detected, returning FALSE
at 775 ns(1), Instance /lab1c_tb/uut/modulo1_reloj/ : Warning: NUMERIC_STD."=": metavalue detected, returning FALSE
at 785 ns(1), Instance /lab1c_tb/uut/modulo1_reloj/ : Warning: NUMERIC_STD."=": metavalue detected, returning FALSE
at 795 ns(1), Instance /lab1c_tb/uut/modulo1_reloj/ : Warning: NUMERIC_STD."=": metavalue detected, returning FALSE
at 805 ns(1), Instance /lab1c_tb/uut/modulo1_reloj/ : Warning: NUMERIC_STD."=": metavalue detected, returning FALSE
at 815 ns(1), Instance /lab1c_tb/uut/modulo1_reloj/ : Warning: NUMERIC_STD."=": metavalue detected, returning FALSE
at 825 ns(1), Instance /lab1c_tb/uut/modulo1_reloj/ : Warning: NUMERIC_STD."=": metavalue detected, returning FALSE
at 835 ns(1), Instance /lab1c_tb/uut/modulo1_reloj/ : Warning: NUMERIC_STD."=": metavalue detected, returning FALSE
at 845 ns(1), Instance /lab1c_tb/uut/modulo1_reloj/ : Warning: NUMERIC_STD."=": metavalue detected, returning FALSE
at 855 ns(1), Instance /lab1c_tb/uut/modulo1_reloj/ : Warning: NUMERIC_STD."=": metavalue detected, returning FALSE
at 865 ns(1), Instance /lab1c_tb/uut/modulo1_reloj/ : Warning: NUMERIC_STD."=": metavalue detected, returning FALSE
at 875 ns(1), Instance /lab1c_tb/uut/modulo1_reloj/ : Warning: NUMERIC_STD."=": metavalue detected, returning FALSE
at 885 ns(1), Instance /lab1c_tb/uut/modulo1_reloj/ : Warning: NUMERIC_STD."=": metavalue detected, returning FALSE
at 895 ns(1), Instance /lab1c_tb/uut/modulo1_reloj/ : Warning: NUMERIC_STD."=": metavalue detected, returning FALSE
at 905 ns(1), Instance /lab1c_tb/uut/modulo1_reloj/ : Warning: NUMERIC_STD."=": metavalue detected, returning FALSE
at 915 ns(1), Instance /lab1c_tb/uut/modulo1_reloj/ : Warning: NUMERIC_STD."=": metavalue detected, returning FALSE
at 925 ns(1), Instance /lab1c_tb/uut/modulo1_reloj/ : Warning: NUMERIC_STD."=": metavalue detected, returning FALSE
at 935 ns(1), Instance /lab1c_tb/uut/modulo1_reloj/ : Warning: NUMERIC_STD."=": metavalue detected, returning FALSE
at 945 ns(1), Instance /lab1c_tb/uut/modulo1_reloj/ : Warning: NUMERIC_STD."=": metavalue detected, returning FALSE
at 955 ns(1), Instance /lab1c_tb/uut/modulo1_reloj/ : Warning: NUMERIC_STD."=": metavalue detected, returning FALSE
at 965 ns(1), Instance /lab1c_tb/uut/modulo1_reloj/ : Warning: NUMERIC_STD."=": metavalue detected, returning FALSE
at 975 ns(1), Instance /lab1c_tb/uut/modulo1_reloj/ : Warning: NUMERIC_STD."=": metavalue detected, returning FALSE
at 985 ns(1), Instance /lab1c_tb/uut/modulo1_reloj/ : Warning: NUMERIC_STD."=": metavalue detected, returning FALSE
at 995 ns(1), Instance /lab1c_tb/uut/modulo1_reloj/ : Warning: NUMERIC_STD."=": metavalue detected, returning FALSE
