Release 14.7 - xst P.20131013 (nt64)
Copyright (c) 1995-2013 Xilinx, Inc.  All rights reserved.
--> Parameter TMPDIR set to xst/projnav.tmp


Total REAL time to Xst completion: 0.00 secs
Total CPU time to Xst completion: 0.05 secs
 
--> Parameter xsthdpdir set to xst


Total REAL time to Xst completion: 0.00 secs
Total CPU time to Xst completion: 0.05 secs
 
--> Reading design: lab.prj

TABLE OF CONTENTS
  1) Synthesis Options Summary
  2) HDL Parsing
  3) HDL Elaboration
  4) HDL Synthesis
       4.1) HDL Synthesis Report
  5) Advanced HDL Synthesis
       5.1) Advanced HDL Synthesis Report
  6) Low Level Synthesis
  7) Partition Report
  8) Design Summary
       8.1) Primitive and Black Box Usage
       8.2) Device utilization summary
       8.3) Partition Resource Summary
       8.4) Timing Report
            8.4.1) Clock Information
            8.4.2) Asynchronous Control Signals Information
            8.4.3) Timing Summary
            8.4.4) Timing Details
            8.4.5) Cross Clock Domains Report


=========================================================================
*                      Synthesis Options Summary                        *
=========================================================================
---- Source Parameters
Input File Name                    : "lab.prj"
Ignore Synthesis Constraint File   : NO

---- Target Parameters
Output File Name                   : "lab"
Output Format                      : NGC
Target Device                      : xc7z020-1-clg484

---- Source Options
Top Module Name                    : lab
Automatic FSM Extraction           : YES
FSM Encoding Algorithm             : Auto
Safe Implementation                : No
FSM Style                          : LUT
RAM Extraction                     : Yes
RAM Style                          : Auto
ROM Extraction                     : Yes
Shift Register Extraction          : YES
ROM Style                          : Auto
Resource Sharing                   : YES
Asynchronous To Synchronous        : NO
Shift Register Minimum Size        : 2
Use DSP Block                      : Auto
Automatic Register Balancing       : No

---- Target Options
LUT Combining                      : Auto
Reduce Control Sets                : Auto
Add IO Buffers                     : YES
Global Maximum Fanout              : 100000
Add Generic Clock Buffer(BUFG)     : 32
Register Duplication               : YES
Optimize Instantiated Primitives   : NO
Use Clock Enable                   : Auto
Use Synchronous Set                : Auto
Use Synchronous Reset              : Auto
Pack IO Registers into IOBs        : Auto
Equivalent register Removal        : YES

---- General Options
Optimization Goal                  : Speed
Optimization Effort                : 1
Power Reduction                    : NO
Keep Hierarchy                     : No
Netlist Hierarchy                  : As_Optimized
RTL Output                         : Yes
Global Optimization                : AllClockNets
Read Cores                         : YES
Write Timing Constraints           : NO
Cross Clock Analysis               : NO
Hierarchy Separator                : /
Bus Delimiter                      : <>
Case Specifier                     : Maintain
Slice Utilization Ratio            : 100
BRAM Utilization Ratio             : 100
DSP48 Utilization Ratio            : 100
Auto BRAM Packing                  : NO
Slice Utilization Ratio Delta      : 5

=========================================================================


=========================================================================
*                          HDL Parsing                                  *
=========================================================================
Parsing VHDL file "E:\Universidad\Telematica\4o\SOCS-FPGAS\lab2\lab.vhd" into library work
Parsing entity <lab>.
Parsing architecture <Behavioral> of entity <lab>.

=========================================================================
*                            HDL Elaboration                            *
=========================================================================

Elaborating entity <lab> (architecture <Behavioral>) from library <work>.

=========================================================================
*                           HDL Synthesis                               *
=========================================================================

Synthesizing Unit <lab>.
    Related source file is "E:\Universidad\Telematica\4o\SOCS-FPGAS\lab2\lab.vhd".
    Found 2-bit register for signal <cont>.
    Found 10-bit register for signal <pixel>.
    Found 10-bit register for signal <linea>.
    Found 1-bit register for signal <clk_enable>.
    Found 1-bit register for signal <sinc_h>.
    Found 1-bit register for signal <sinc_v>.
    Found 1-bit register for signal <inhibicion_color>.
    Found 12-bit register for signal <rgb_out>.
    Found 2-bit adder for signal <cont[1]_GND_4_o_add_1_OUT> created at line 1241.
    Found 10-bit adder for signal <pixel[9]_GND_4_o_add_5_OUT> created at line 1241.
    Found 10-bit adder for signal <linea[9]_GND_4_o_add_18_OUT> created at line 1241.
    Found 10-bit comparator greater for signal <pixel[9]_PWR_4_o_LessThan_5_o> created at line 88
    Found 10-bit comparator lessequal for signal <n0010> created at line 101
    Found 10-bit comparator greater for signal <pixel[9]_PWR_4_o_LessThan_11_o> created at line 101
    Found 10-bit comparator lessequal for signal <n0019> created at line 116
    Found 10-bit comparator greater for signal <linea[9]_GND_4_o_LessThan_14_o> created at line 116
    Found 10-bit comparator greater for signal <inh_h> created at line 129
    Found 10-bit comparator greater for signal <inh_v> created at line 138
    Found 10-bit comparator greater for signal <linea[9]_PWR_4_o_LessThan_18_o> created at line 152
    Summary:
	inferred   3 Adder/Subtractor(s).
	inferred  38 D-type flip-flop(s).
	inferred   8 Comparator(s).
	inferred   3 Multiplexer(s).
Unit <lab> synthesized.

=========================================================================
HDL Synthesis Report

Macro Statistics
# Adders/Subtractors                                   : 3
 10-bit adder                                          : 2
 2-bit adder                                           : 1
# Registers                                            : 8
 1-bit register                                        : 4
 10-bit register                                       : 2
 12-bit register                                       : 1
 2-bit register                                        : 1
# Comparators                                          : 8
 10-bit comparator greater                             : 6
 10-bit comparator lessequal                           : 2
# Multiplexers                                         : 3
 10-bit 2-to-1 multiplexer                             : 2
 2-bit 2-to-1 multiplexer                              : 1

=========================================================================

=========================================================================
*                       Advanced HDL Synthesis                          *
=========================================================================


Synthesizing (advanced) Unit <lab>.
The following registers are absorbed into counter <cont>: 1 register on signal <cont>.
The following registers are absorbed into counter <pixel>: 1 register on signal <pixel>.
The following registers are absorbed into counter <linea>: 1 register on signal <linea>.
Unit <lab> synthesized (advanced).

=========================================================================
Advanced HDL Synthesis Report

Macro Statistics
# Counters                                             : 3
 10-bit up counter                                     : 2
 2-bit up counter                                      : 1
# Registers                                            : 16
 Flip-Flops                                            : 16
# Comparators                                          : 8
 10-bit comparator greater                             : 6
 10-bit comparator lessequal                           : 2

=========================================================================

=========================================================================
*                         Low Level Synthesis                           *
=========================================================================

Optimizing unit <lab> ...

Mapping all equations...
Building and optimizing final netlist ...
Found area constraint ratio of 100 (+ 5) on block lab, actual ratio is 0.

Final Macro Processing ...

=========================================================================
Final Register Report

Macro Statistics
# Registers                                            : 38
 Flip-Flops                                            : 38

=========================================================================

=========================================================================
*                           Partition Report                            *
=========================================================================

Partition Implementation Status
-------------------------------

  No Partitions were found in this design.

-------------------------------

=========================================================================
*                            Design Summary                             *
=========================================================================

Top Level Output File Name         : lab.ngc

Primitive and Black Box Usage:
------------------------------
# BELS                             : 79
#      GND                         : 1
#      INV                         : 1
#      LUT2                        : 5
#      LUT3                        : 4
#      LUT5                        : 5
#      LUT6                        : 25
#      MUXCY                       : 18
#      XORCY                       : 20
# FlipFlops/Latches                : 38
#      FD                          : 1
#      FDC                         : 3
#      FDCE                        : 20
#      FDE                         : 2
#      FDRE                        : 12
# Clock Buffers                    : 1
#      BUFGP                       : 1
# IO Buffers                       : 27
#      IBUF                        : 13
#      OBUF                        : 14

Device utilization summary:
---------------------------

Selected Device : 7z020clg484-1 


Slice Logic Utilization: 
 Number of Slice Registers:              38  out of  106400     0%  
 Number of Slice LUTs:                   40  out of  53200     0%  
    Number used as Logic:                40  out of  53200     0%  

Slice Logic Distribution: 
 Number of LUT Flip Flop pairs used:     51
   Number with an unused Flip Flop:      13  out of     51    25%  
   Number with an unused LUT:            11  out of     51    21%  
   Number of fully used LUT-FF pairs:    27  out of     51    52%  
   Number of unique control sets:         6

IO Utilization: 
 Number of IOs:                          36
 Number of bonded IOBs:                  28  out of    200    14%  

Specific Feature Utilization:
 Number of BUFG/BUFGCTRLs:                1  out of     32     3%  

---------------------------
Partition Resource Summary:
---------------------------

  No Partitions were found in this design.

---------------------------


=========================================================================
Timing Report

NOTE: THESE TIMING NUMBERS ARE ONLY A SYNTHESIS ESTIMATE.
      FOR ACCURATE TIMING INFORMATION PLEASE REFER TO THE TRACE REPORT
      GENERATED AFTER PLACE-and-ROUTE.

Clock Information:
------------------
-----------------------------------+------------------------+-------+
Clock Signal                       | Clock buffer(FF name)  | Load  |
-----------------------------------+------------------------+-------+
clk_100Mhz                         | BUFGP                  | 38    |
-----------------------------------+------------------------+-------+

Asynchronous Control Signals Information:
----------------------------------------
No asynchronous control signals found in this design

Timing Summary:
---------------
Speed Grade: -1

   Minimum period: 2.485ns (Maximum Frequency: 402.414MHz)
   Minimum input arrival time before clock: 0.864ns
   Maximum output required time after clock: 0.687ns
   Maximum combinational path delay: No path found

Timing Details:
---------------
All values displayed in nanoseconds (ns)

=========================================================================
Timing constraint: Default period analysis for Clock 'clk_100Mhz'
  Clock period: 2.485ns (frequency: 402.414MHz)
  Total number of paths / destination ports: 1509 / 72
-------------------------------------------------------------------------
Delay:               2.485ns (Levels of Logic = 12)
  Source:            pixel_7 (FF)
  Destination:       pixel_9 (FF)
  Source Clock:      clk_100Mhz rising
  Destination Clock: clk_100Mhz rising

  Data Path: pixel_7 to pixel_9
                                Gate     Net
    Cell:in->out      fanout   Delay   Delay  Logical Name (Net Name)
    ----------------------------------------  ------------
     FDCE:C->Q             5   0.282   0.766  pixel_7 (pixel_7)
     LUT6:I0->O            9   0.053   0.466  pixel[9]_PWR_4_o_LessThan_5_o_inv_inv11 (pixel[9]_PWR_4_o_LessThan_5_o_inv_inv1)
     LUT5:I4->O            1   0.053   0.399  pixel[9]_PWR_4_o_LessThan_5_o_inv_inv12 (pixel[9]_PWR_4_o_LessThan_5_o_inv_inv)
     MUXCY:CI->O           1   0.015   0.000  Mcount_pixel_cy<0> (Mcount_pixel_cy<0>)
     MUXCY:CI->O           1   0.015   0.000  Mcount_pixel_cy<1> (Mcount_pixel_cy<1>)
     MUXCY:CI->O           1   0.015   0.000  Mcount_pixel_cy<2> (Mcount_pixel_cy<2>)
     MUXCY:CI->O           1   0.015   0.000  Mcount_pixel_cy<3> (Mcount_pixel_cy<3>)
     MUXCY:CI->O           1   0.015   0.000  Mcount_pixel_cy<4> (Mcount_pixel_cy<4>)
     MUXCY:CI->O           1   0.015   0.000  Mcount_pixel_cy<5> (Mcount_pixel_cy<5>)
     MUXCY:CI->O           1   0.015   0.000  Mcount_pixel_cy<6> (Mcount_pixel_cy<6>)
     MUXCY:CI->O           1   0.015   0.000  Mcount_pixel_cy<7> (Mcount_pixel_cy<7>)
     MUXCY:CI->O           0   0.015   0.000  Mcount_pixel_cy<8> (Mcount_pixel_cy<8>)
     XORCY:CI->O           1   0.320   0.000  Mcount_pixel_xor<9> (Mcount_pixel9)
     FDCE:D                    0.011          pixel_9
    ----------------------------------------
    Total                      2.485ns (0.854ns logic, 1.631ns route)
                                       (34.4% logic, 65.6% route)

=========================================================================
Timing constraint: Default OFFSET IN BEFORE for Clock 'clk_100Mhz'
  Total number of paths / destination ports: 35 / 35
-------------------------------------------------------------------------
Offset:              0.864ns (Levels of Logic = 1)
  Source:            reset (PAD)
  Destination:       clk_enable (FF)
  Destination Clock: clk_100Mhz rising

  Data Path: reset to clk_enable
                                Gate     Net
    Cell:in->out      fanout   Delay   Delay  Logical Name (Net Name)
    ----------------------------------------  ------------
     IBUF:I->O            23   0.000   0.539  reset_IBUF (reset_IBUF)
     FDC:CLR                   0.325          clk_enable
    ----------------------------------------
    Total                      0.864ns (0.325ns logic, 0.539ns route)
                                       (37.6% logic, 62.4% route)

=========================================================================
Timing constraint: Default OFFSET OUT AFTER for Clock 'clk_100Mhz'
  Total number of paths / destination ports: 14 / 14
-------------------------------------------------------------------------
Offset:              0.687ns (Levels of Logic = 1)
  Source:            sinc_v_i (FF)
  Destination:       sinc_v (PAD)
  Source Clock:      clk_100Mhz rising

  Data Path: sinc_v_i to sinc_v
                                Gate     Net
    Cell:in->out      fanout   Delay   Delay  Logical Name (Net Name)
    ----------------------------------------  ------------
     FD:C->Q               2   0.282   0.405  sinc_v_i (sinc_v_i)
     OBUF:I->O                 0.000          sinc_v_OBUF (sinc_v)
    ----------------------------------------
    Total                      0.687ns (0.282ns logic, 0.405ns route)
                                       (41.0% logic, 59.0% route)

=========================================================================

Cross Clock Domains Report:
--------------------------

Clock to Setup on destination clock clk_100Mhz
---------------+---------+---------+---------+---------+
               | Src:Rise| Src:Fall| Src:Rise| Src:Fall|
Source Clock   |Dest:Rise|Dest:Rise|Dest:Fall|Dest:Fall|
---------------+---------+---------+---------+---------+
clk_100Mhz     |    2.485|         |         |         |
---------------+---------+---------+---------+---------+

=========================================================================


Total REAL time to Xst completion: 5.00 secs
Total CPU time to Xst completion: 5.25 secs
 
--> 

Total memory usage is 4618028 kilobytes

Number of errors   :    0 (   0 filtered)
Number of warnings :    0 (   0 filtered)
Number of infos    :    0 (   0 filtered)

