Release 14.7 - xst P.20131013 (nt64)
Copyright (c) 1995-2013 Xilinx, Inc.  All rights reserved.
--> Parameter TMPDIR set to xst/projnav.tmp


Total REAL time to Xst completion: 0.00 secs
Total CPU time to Xst completion: 0.05 secs
 
--> Parameter xsthdpdir set to xst


Total REAL time to Xst completion: 0.00 secs
Total CPU time to Xst completion: 0.05 secs
 
--> Reading design: lab1c.prj

TABLE OF CONTENTS
  1) Synthesis Options Summary
  2) HDL Parsing
  3) HDL Elaboration
  4) HDL Synthesis
       4.1) HDL Synthesis Report
  5) Advanced HDL Synthesis
       5.1) Advanced HDL Synthesis Report
  6) Low Level Synthesis
  7) Partition Report
  8) Design Summary
       8.1) Primitive and Black Box Usage
       8.2) Device utilization summary
       8.3) Partition Resource Summary
       8.4) Timing Report
            8.4.1) Clock Information
            8.4.2) Asynchronous Control Signals Information
            8.4.3) Timing Summary
            8.4.4) Timing Details
            8.4.5) Cross Clock Domains Report


=========================================================================
*                      Synthesis Options Summary                        *
=========================================================================
---- Source Parameters
Input File Name                    : "lab1c.prj"
Ignore Synthesis Constraint File   : NO

---- Target Parameters
Output File Name                   : "lab1c"
Output Format                      : NGC
Target Device                      : xc7z020-1-clg484

---- Source Options
Top Module Name                    : lab1c
Automatic FSM Extraction           : YES
FSM Encoding Algorithm             : Auto
Safe Implementation                : No
FSM Style                          : LUT
RAM Extraction                     : Yes
RAM Style                          : Auto
ROM Extraction                     : Yes
Shift Register Extraction          : YES
ROM Style                          : Auto
Resource Sharing                   : YES
Asynchronous To Synchronous        : NO
Shift Register Minimum Size        : 2
Use DSP Block                      : Auto
Automatic Register Balancing       : No

---- Target Options
LUT Combining                      : Auto
Reduce Control Sets                : Auto
Add IO Buffers                     : YES
Global Maximum Fanout              : 100000
Add Generic Clock Buffer(BUFG)     : 32
Register Duplication               : YES
Optimize Instantiated Primitives   : NO
Use Clock Enable                   : Auto
Use Synchronous Set                : Auto
Use Synchronous Reset              : Auto
Pack IO Registers into IOBs        : Auto
Equivalent register Removal        : YES

---- General Options
Optimization Goal                  : Speed
Optimization Effort                : 1
Power Reduction                    : NO
Keep Hierarchy                     : No
Netlist Hierarchy                  : As_Optimized
RTL Output                         : Yes
Global Optimization                : AllClockNets
Read Cores                         : YES
Write Timing Constraints           : NO
Cross Clock Analysis               : NO
Hierarchy Separator                : /
Bus Delimiter                      : <>
Case Specifier                     : Maintain
Slice Utilization Ratio            : 100
BRAM Utilization Ratio             : 100
DSP48 Utilization Ratio            : 100
Auto BRAM Packing                  : NO
Slice Utilization Ratio Delta      : 5

=========================================================================


=========================================================================
*                          HDL Parsing                                  *
=========================================================================
Parsing VHDL file "E:\Universidad\Telematica\4o\SOCS-FPGAS\lab2\vga.vhd" into library work
Parsing entity <vga>.
Parsing architecture <Behavioral> of entity <vga>.
Parsing VHDL file "E:\Universidad\Telematica\4o\SOCS-FPGAS\lab2\clock_divider.vhd" into library work
Parsing entity <clock_divider>.
Parsing architecture <Behavioral> of entity <clock_divider>.
Parsing VHDL file "E:\Universidad\Telematica\4o\SOCS-FPGAS\lab2\lab1c.vhd" into library work
Parsing entity <lab1c>.
Parsing architecture <Behavioral> of entity <lab1c>.

=========================================================================
*                            HDL Elaboration                            *
=========================================================================

Elaborating entity <lab1c> (architecture <Behavioral>) from library <work>.

Elaborating entity <clock_divider> (architecture <Behavioral>) from library <work>.

Elaborating entity <vga> (architecture <Behavioral>) from library <work>.

=========================================================================
*                           HDL Synthesis                               *
=========================================================================

Synthesizing Unit <lab1c>.
    Related source file is "E:\Universidad\Telematica\4o\SOCS-FPGAS\lab2\lab1c.vhd".
    Found 12-bit register for signal <rgb_out>.
    Summary:
	inferred  12 D-type flip-flop(s).
	inferred   4 Multiplexer(s).
Unit <lab1c> synthesized.

Synthesizing Unit <clock_divider>.
    Related source file is "E:\Universidad\Telematica\4o\SOCS-FPGAS\lab2\clock_divider.vhd".
    Found 2-bit register for signal <cont>.
    Found 1-bit register for signal <enable>.
    Found 2-bit adder for signal <cont[1]_GND_5_o_add_1_OUT> created at line 1241.
    Summary:
	inferred   1 Adder/Subtractor(s).
	inferred   3 D-type flip-flop(s).
	inferred   1 Multiplexer(s).
Unit <clock_divider> synthesized.

Synthesizing Unit <vga>.
    Related source file is "E:\Universidad\Telematica\4o\SOCS-FPGAS\lab2\vga.vhd".
    Found 10-bit register for signal <linea>.
    Found 10-bit register for signal <pixel>.
    Found 1-bit register for signal <sinc_h_i>.
    Found 1-bit register for signal <sinc_v_i>.
    Found 1-bit register for signal <inhibicion_color>.
    Found 10-bit adder for signal <pixel[9]_GND_6_o_add_1_OUT> created at line 1241.
    Found 10-bit adder for signal <linea[9]_GND_6_o_add_14_OUT> created at line 1241.
    Found 10-bit comparator greater for signal <pixel[9]_PWR_6_o_LessThan_1_o> created at line 68
    Found 10-bit comparator lessequal for signal <n0005> created at line 81
    Found 10-bit comparator greater for signal <pixel[9]_PWR_6_o_LessThan_7_o> created at line 81
    Found 10-bit comparator lessequal for signal <n0014> created at line 96
    Found 10-bit comparator greater for signal <linea[9]_GND_6_o_LessThan_10_o> created at line 96
    Found 10-bit comparator greater for signal <inh_h> created at line 109
    Found 10-bit comparator greater for signal <inh_v> created at line 118
    Found 10-bit comparator greater for signal <linea[9]_PWR_6_o_LessThan_14_o> created at line 132
    Summary:
	inferred   2 Adder/Subtractor(s).
	inferred  23 D-type flip-flop(s).
	inferred   8 Comparator(s).
	inferred   2 Multiplexer(s).
Unit <vga> synthesized.

=========================================================================
HDL Synthesis Report

Macro Statistics
# Adders/Subtractors                                   : 3
 10-bit adder                                          : 2
 2-bit adder                                           : 1
# Registers                                            : 8
 1-bit register                                        : 4
 10-bit register                                       : 2
 12-bit register                                       : 1
 2-bit register                                        : 1
# Comparators                                          : 8
 10-bit comparator greater                             : 6
 10-bit comparator lessequal                           : 2
# Multiplexers                                         : 7
 10-bit 2-to-1 multiplexer                             : 2
 12-bit 2-to-1 multiplexer                             : 4
 2-bit 2-to-1 multiplexer                              : 1

=========================================================================

=========================================================================
*                       Advanced HDL Synthesis                          *
=========================================================================


Synthesizing (advanced) Unit <vga>.
The following registers are absorbed into counter <linea>: 1 register on signal <linea>.
The following registers are absorbed into counter <pixel>: 1 register on signal <pixel>.
Unit <vga> synthesized (advanced).

=========================================================================
Advanced HDL Synthesis Report

Macro Statistics
# Adders/Subtractors                                   : 1
 2-bit adder                                           : 1
# Counters                                             : 2
 10-bit up counter                                     : 2
# Registers                                            : 18
 Flip-Flops                                            : 18
# Comparators                                          : 8
 10-bit comparator greater                             : 6
 10-bit comparator lessequal                           : 2
# Multiplexers                                         : 4
 12-bit 2-to-1 multiplexer                             : 4

=========================================================================

=========================================================================
*                         Low Level Synthesis                           *
=========================================================================

Optimizing unit <lab1c> ...

Optimizing unit <vga> ...

Mapping all equations...
Building and optimizing final netlist ...
Found area constraint ratio of 100 (+ 5) on block lab1c, actual ratio is 0.

Final Macro Processing ...

=========================================================================
Final Register Report

Macro Statistics
# Registers                                            : 38
 Flip-Flops                                            : 38

=========================================================================

=========================================================================
*                           Partition Report                            *
=========================================================================

Partition Implementation Status
-------------------------------

  No Partitions were found in this design.

-------------------------------

=========================================================================
*                            Design Summary                             *
=========================================================================

Top Level Output File Name         : lab1c.ngc

Primitive and Black Box Usage:
------------------------------
# BELS                             : 130
#      GND                         : 1
#      INV                         : 1
#      LUT2                        : 11
#      LUT3                        : 16
#      LUT4                        : 1
#      LUT5                        : 24
#      LUT6                        : 38
#      MUXCY                       : 18
#      XORCY                       : 20
# FlipFlops/Latches                : 38
#      FD                          : 1
#      FDC                         : 3
#      FDCE                        : 20
#      FDE                         : 2
#      FDSE                        : 12
# Clock Buffers                    : 1
#      BUFGP                       : 1
# IO Buffers                       : 27
#      IBUF                        : 13
#      OBUF                        : 14

Device utilization summary:
---------------------------

Selected Device : 7z020clg484-1 


Slice Logic Utilization: 
 Number of Slice Registers:              38  out of  106400     0%  
 Number of Slice LUTs:                   91  out of  53200     0%  
    Number used as Logic:                91  out of  53200     0%  

Slice Logic Distribution: 
 Number of LUT Flip Flop pairs used:     91
   Number with an unused Flip Flop:      53  out of     91    58%  
   Number with an unused LUT:             0  out of     91     0%  
   Number of fully used LUT-FF pairs:    38  out of     91    41%  
   Number of unique control sets:         6

IO Utilization: 
 Number of IOs:                          28
 Number of bonded IOBs:                  28  out of    200    14%  

Specific Feature Utilization:
 Number of BUFG/BUFGCTRLs:                1  out of     32     3%  

---------------------------
Partition Resource Summary:
---------------------------

  No Partitions were found in this design.

---------------------------


=========================================================================
Timing Report

NOTE: THESE TIMING NUMBERS ARE ONLY A SYNTHESIS ESTIMATE.
      FOR ACCURATE TIMING INFORMATION PLEASE REFER TO THE TRACE REPORT
      GENERATED AFTER PLACE-and-ROUTE.

Clock Information:
------------------
-----------------------------------+------------------------+-------+
Clock Signal                       | Clock buffer(FF name)  | Load  |
-----------------------------------+------------------------+-------+
clk                                | BUFGP                  | 38    |
-----------------------------------+------------------------+-------+

Asynchronous Control Signals Information:
----------------------------------------
No asynchronous control signals found in this design

Timing Summary:
---------------
Speed Grade: -1

   Minimum period: 2.760ns (Maximum Frequency: 362.319MHz)
   Minimum input arrival time before clock: 2.119ns
   Maximum output required time after clock: 0.687ns
   Maximum combinational path delay: No path found

Timing Details:
---------------
All values displayed in nanoseconds (ns)

=========================================================================
Timing constraint: Default period analysis for Clock 'clk'
  Clock period: 2.760ns (frequency: 362.319MHz)
  Total number of paths / destination ports: 2475 / 84
-------------------------------------------------------------------------
Delay:               2.760ns (Levels of Logic = 4)
  Source:            modulo2_vga/pixel_0 (FF)
  Destination:       rgb_out_0 (FF)
  Source Clock:      clk rising
  Destination Clock: clk rising

  Data Path: modulo2_vga/pixel_0 to rgb_out_0
                                Gate     Net
    Cell:in->out      fanout   Delay   Delay  Logical Name (Net Name)
    ----------------------------------------  ------------
     FDCE:C->Q             5   0.282   0.662  modulo2_vga/pixel_0 (modulo2_vga/pixel_0)
     LUT4:I0->O            4   0.053   0.433  _n0055_inv221 (_n0055_inv22)
     LUT6:I5->O            7   0.053   0.675  pixel_cont_top[9]_GND_4_o_equal_7_o<9> (pixel_cont_top[9]_GND_4_o_equal_7_o)
     LUT5:I1->O           12   0.053   0.485  _n0055_inv3_rstpot (_n0055_inv3_rstpot)
     LUT3:I2->O            1   0.053   0.000  rgb_out_0_dpot (rgb_out_0_dpot)
     FDSE:D                    0.011          rgb_out_0
    ----------------------------------------
    Total                      2.760ns (0.505ns logic, 2.255ns route)
                                       (18.3% logic, 81.7% route)

=========================================================================
Timing constraint: Default OFFSET IN BEFORE for Clock 'clk'
  Total number of paths / destination ports: 47 / 35
-------------------------------------------------------------------------
Offset:              2.119ns (Levels of Logic = 4)
  Source:            rgb_in<0> (PAD)
  Destination:       rgb_out_0 (FF)
  Destination Clock: clk rising

  Data Path: rgb_in<0> to rgb_out_0
                                Gate     Net
    Cell:in->out      fanout   Delay   Delay  Logical Name (Net Name)
    ----------------------------------------  ------------
     IBUF:I->O             3   0.000   0.739  rgb_in_0_IBUF (rgb_in_0_IBUF)
     LUT5:I0->O            1   0.053   0.725  pixel_cont_top[9]_linea_cont_top[9]_AND_3_o111_SW4 (N38)
     LUT6:I1->O            1   0.053   0.485  Mmux_rgb_in[11]_rgb_out[11]_mux_16_OUT11 (rgb_in[11]_rgb_out[11]_mux_16_OUT<0>)
     LUT3:I1->O            1   0.053   0.000  rgb_out_0_dpot (rgb_out_0_dpot)
     FDSE:D                    0.011          rgb_out_0
    ----------------------------------------
    Total                      2.119ns (0.170ns logic, 1.949ns route)
                                       (8.0% logic, 92.0% route)

=========================================================================
Timing constraint: Default OFFSET OUT AFTER for Clock 'clk'
  Total number of paths / destination ports: 14 / 14
-------------------------------------------------------------------------
Offset:              0.687ns (Levels of Logic = 1)
  Source:            rgb_out_11 (FF)
  Destination:       rgb_out<11> (PAD)
  Source Clock:      clk rising

  Data Path: rgb_out_11 to rgb_out<11>
                                Gate     Net
    Cell:in->out      fanout   Delay   Delay  Logical Name (Net Name)
    ----------------------------------------  ------------
     FDSE:C->Q             2   0.282   0.405  rgb_out_11 (rgb_out_11)
     OBUF:I->O                 0.000          rgb_out_11_OBUF (rgb_out<11>)
    ----------------------------------------
    Total                      0.687ns (0.282ns logic, 0.405ns route)
                                       (41.0% logic, 59.0% route)

=========================================================================

Cross Clock Domains Report:
--------------------------

Clock to Setup on destination clock clk
---------------+---------+---------+---------+---------+
               | Src:Rise| Src:Fall| Src:Rise| Src:Fall|
Source Clock   |Dest:Rise|Dest:Rise|Dest:Fall|Dest:Fall|
---------------+---------+---------+---------+---------+
clk            |    2.760|         |         |         |
---------------+---------+---------+---------+---------+

=========================================================================


Total REAL time to Xst completion: 5.00 secs
Total CPU time to Xst completion: 5.42 secs
 
--> 

Total memory usage is 4618016 kilobytes

Number of errors   :    0 (   0 filtered)
Number of warnings :    0 (   0 filtered)
Number of infos    :    0 (   0 filtered)

