Release 14.7 - xst P.20131013 (nt64)
Copyright (c) 1995-2013 Xilinx, Inc.  All rights reserved.
--> Parameter TMPDIR set to xst/projnav.tmp


Total REAL time to Xst completion: 0.00 secs
Total CPU time to Xst completion: 0.05 secs
 
--> Parameter xsthdpdir set to xst


Total REAL time to Xst completion: 0.00 secs
Total CPU time to Xst completion: 0.05 secs
 
--> Reading design: vga.prj

TABLE OF CONTENTS
  1) Synthesis Options Summary
  2) HDL Parsing
  3) HDL Elaboration
  4) HDL Synthesis
       4.1) HDL Synthesis Report
  5) Advanced HDL Synthesis
       5.1) Advanced HDL Synthesis Report
  6) Low Level Synthesis
  7) Partition Report
  8) Design Summary
       8.1) Primitive and Black Box Usage
       8.2) Device utilization summary
       8.3) Partition Resource Summary
       8.4) Timing Report
            8.4.1) Clock Information
            8.4.2) Asynchronous Control Signals Information
            8.4.3) Timing Summary
            8.4.4) Timing Details
            8.4.5) Cross Clock Domains Report


=========================================================================
*                      Synthesis Options Summary                        *
=========================================================================
---- Source Parameters
Input File Name                    : "vga.prj"
Ignore Synthesis Constraint File   : NO

---- Target Parameters
Output File Name                   : "vga"
Output Format                      : NGC
Target Device                      : xc7z020-1-clg484

---- Source Options
Top Module Name                    : vga
Automatic FSM Extraction           : YES
FSM Encoding Algorithm             : Auto
Safe Implementation                : No
FSM Style                          : LUT
RAM Extraction                     : Yes
RAM Style                          : Auto
ROM Extraction                     : Yes
Shift Register Extraction          : YES
ROM Style                          : Auto
Resource Sharing                   : YES
Asynchronous To Synchronous        : NO
Shift Register Minimum Size        : 2
Use DSP Block                      : Auto
Automatic Register Balancing       : No

---- Target Options
LUT Combining                      : Auto
Reduce Control Sets                : Auto
Add IO Buffers                     : YES
Global Maximum Fanout              : 100000
Add Generic Clock Buffer(BUFG)     : 32
Register Duplication               : YES
Optimize Instantiated Primitives   : NO
Use Clock Enable                   : Auto
Use Synchronous Set                : Auto
Use Synchronous Reset              : Auto
Pack IO Registers into IOBs        : Auto
Equivalent register Removal        : YES

---- General Options
Optimization Goal                  : Speed
Optimization Effort                : 1
Power Reduction                    : NO
Keep Hierarchy                     : No
Netlist Hierarchy                  : As_Optimized
RTL Output                         : Yes
Global Optimization                : AllClockNets
Read Cores                         : YES
Write Timing Constraints           : NO
Cross Clock Analysis               : NO
Hierarchy Separator                : /
Bus Delimiter                      : <>
Case Specifier                     : Maintain
Slice Utilization Ratio            : 100
BRAM Utilization Ratio             : 100
DSP48 Utilization Ratio            : 100
Auto BRAM Packing                  : NO
Slice Utilization Ratio Delta      : 5

=========================================================================


=========================================================================
*                          HDL Parsing                                  *
=========================================================================
Parsing VHDL file "E:\Universidad\Telematica\4o\SOCS-FPGAS\lab2\vga.vhd" into library work
Parsing entity <vga>.
Parsing architecture <Behavioral> of entity <vga>.

=========================================================================
*                            HDL Elaboration                            *
=========================================================================

Elaborating entity <vga> (architecture <Behavioral>) from library <work>.

=========================================================================
*                           HDL Synthesis                               *
=========================================================================

Synthesizing Unit <vga>.
    Related source file is "E:\Universidad\Telematica\4o\SOCS-FPGAS\lab2\vga.vhd".
    Found 10-bit register for signal <linea>.
    Found 10-bit register for signal <pixel>.
    Found 1-bit register for signal <sinc_h>.
    Found 1-bit register for signal <sinc_v>.
    Found 1-bit register for signal <inhibicion_color>.
    Found 10-bit adder for signal <pixel[9]_GND_4_o_add_1_OUT> created at line 1241.
    Found 10-bit adder for signal <linea[9]_GND_4_o_add_14_OUT> created at line 1241.
    Found 10-bit comparator greater for signal <pixel[9]_PWR_4_o_LessThan_1_o> created at line 68
    Found 10-bit comparator lessequal for signal <n0005> created at line 81
    Found 10-bit comparator greater for signal <pixel[9]_PWR_4_o_LessThan_7_o> created at line 81
    Found 10-bit comparator lessequal for signal <n0014> created at line 96
    Found 10-bit comparator greater for signal <linea[9]_GND_4_o_LessThan_10_o> created at line 96
    Found 10-bit comparator greater for signal <inh_h> created at line 109
    Found 10-bit comparator greater for signal <inh_v> created at line 118
    Found 10-bit comparator greater for signal <linea[9]_PWR_4_o_LessThan_14_o> created at line 132
    Summary:
	inferred   2 Adder/Subtractor(s).
	inferred  23 D-type flip-flop(s).
	inferred   8 Comparator(s).
	inferred   2 Multiplexer(s).
Unit <vga> synthesized.

=========================================================================
HDL Synthesis Report

Macro Statistics
# Adders/Subtractors                                   : 2
 10-bit adder                                          : 2
# Registers                                            : 5
 1-bit register                                        : 3
 10-bit register                                       : 2
# Comparators                                          : 8
 10-bit comparator greater                             : 6
 10-bit comparator lessequal                           : 2
# Multiplexers                                         : 2
 10-bit 2-to-1 multiplexer                             : 2

=========================================================================

=========================================================================
*                       Advanced HDL Synthesis                          *
=========================================================================


Synthesizing (advanced) Unit <vga>.
The following registers are absorbed into counter <linea>: 1 register on signal <linea>.
The following registers are absorbed into counter <pixel>: 1 register on signal <pixel>.
Unit <vga> synthesized (advanced).

=========================================================================
Advanced HDL Synthesis Report

Macro Statistics
# Counters                                             : 2
 10-bit up counter                                     : 2
# Registers                                            : 3
 Flip-Flops                                            : 3
# Comparators                                          : 8
 10-bit comparator greater                             : 6
 10-bit comparator lessequal                           : 2

=========================================================================

=========================================================================
*                         Low Level Synthesis                           *
=========================================================================

Optimizing unit <vga> ...

Mapping all equations...
Building and optimizing final netlist ...
Found area constraint ratio of 100 (+ 5) on block vga, actual ratio is 0.

Final Macro Processing ...

=========================================================================
Final Register Report

Macro Statistics
# Registers                                            : 23
 Flip-Flops                                            : 23

=========================================================================

=========================================================================
*                           Partition Report                            *
=========================================================================

Partition Implementation Status
-------------------------------

  No Partitions were found in this design.

-------------------------------

=========================================================================
*                            Design Summary                             *
=========================================================================

Top Level Output File Name         : vga.ngc

Primitive and Black Box Usage:
------------------------------
# BELS                             : 74
#      GND                         : 1
#      LUT2                        : 2
#      LUT3                        : 3
#      LUT5                        : 5
#      LUT6                        : 25
#      MUXCY                       : 18
#      XORCY                       : 20
# FlipFlops/Latches                : 23
#      FDCE                        : 20
#      FDE                         : 3
# Clock Buffers                    : 1
#      BUFGP                       : 1
# IO Buffers                       : 5
#      IBUF                        : 2
#      OBUF                        : 3

Device utilization summary:
---------------------------

Selected Device : 7z020clg484-1 


Slice Logic Utilization: 
 Number of Slice Registers:              23  out of  106400     0%  
 Number of Slice LUTs:                   35  out of  53200     0%  
    Number used as Logic:                35  out of  53200     0%  

Slice Logic Distribution: 
 Number of LUT Flip Flop pairs used:     35
   Number with an unused Flip Flop:      12  out of     35    34%  
   Number with an unused LUT:             0  out of     35     0%  
   Number of fully used LUT-FF pairs:    23  out of     35    65%  
   Number of unique control sets:         4

IO Utilization: 
 Number of IOs:                          26
 Number of bonded IOBs:                   6  out of    200     3%  

Specific Feature Utilization:
 Number of BUFG/BUFGCTRLs:                1  out of     32     3%  

---------------------------
Partition Resource Summary:
---------------------------

  No Partitions were found in this design.

---------------------------


=========================================================================
Timing Report

NOTE: THESE TIMING NUMBERS ARE ONLY A SYNTHESIS ESTIMATE.
      FOR ACCURATE TIMING INFORMATION PLEASE REFER TO THE TRACE REPORT
      GENERATED AFTER PLACE-and-ROUTE.

Clock Information:
------------------
-----------------------------------+------------------------+-------+
Clock Signal                       | Clock buffer(FF name)  | Load  |
-----------------------------------+------------------------+-------+
clk_100Mhz                         | BUFGP                  | 23    |
-----------------------------------+------------------------+-------+

Asynchronous Control Signals Information:
----------------------------------------
No asynchronous control signals found in this design

Timing Summary:
---------------
Speed Grade: -1

   Minimum period: 2.485ns (Maximum Frequency: 402.414MHz)
   Minimum input arrival time before clock: 2.003ns
   Maximum output required time after clock: 0.681ns
   Maximum combinational path delay: No path found

Timing Details:
---------------
All values displayed in nanoseconds (ns)

=========================================================================
Timing constraint: Default period analysis for Clock 'clk_100Mhz'
  Clock period: 2.485ns (frequency: 402.414MHz)
  Total number of paths / destination ports: 1444 / 34
-------------------------------------------------------------------------
Delay:               2.485ns (Levels of Logic = 12)
  Source:            pixel_7 (FF)
  Destination:       pixel_9 (FF)
  Source Clock:      clk_100Mhz rising
  Destination Clock: clk_100Mhz rising

  Data Path: pixel_7 to pixel_9
                                Gate     Net
    Cell:in->out      fanout   Delay   Delay  Logical Name (Net Name)
    ----------------------------------------  ------------
     FDCE:C->Q             5   0.282   0.766  pixel_7 (pixel_7)
     LUT6:I0->O            9   0.053   0.466  pixel[9]_PWR_4_o_LessThan_1_o_inv_inv11 (pixel[9]_PWR_4_o_LessThan_1_o_inv_inv1)
     LUT5:I4->O            1   0.053   0.399  pixel[9]_PWR_4_o_LessThan_1_o_inv_inv12 (pixel[9]_PWR_4_o_LessThan_1_o_inv_inv)
     MUXCY:CI->O           1   0.015   0.000  Mcount_pixel_cy<0> (Mcount_pixel_cy<0>)
     MUXCY:CI->O           1   0.015   0.000  Mcount_pixel_cy<1> (Mcount_pixel_cy<1>)
     MUXCY:CI->O           1   0.015   0.000  Mcount_pixel_cy<2> (Mcount_pixel_cy<2>)
     MUXCY:CI->O           1   0.015   0.000  Mcount_pixel_cy<3> (Mcount_pixel_cy<3>)
     MUXCY:CI->O           1   0.015   0.000  Mcount_pixel_cy<4> (Mcount_pixel_cy<4>)
     MUXCY:CI->O           1   0.015   0.000  Mcount_pixel_cy<5> (Mcount_pixel_cy<5>)
     MUXCY:CI->O           1   0.015   0.000  Mcount_pixel_cy<6> (Mcount_pixel_cy<6>)
     MUXCY:CI->O           1   0.015   0.000  Mcount_pixel_cy<7> (Mcount_pixel_cy<7>)
     MUXCY:CI->O           0   0.015   0.000  Mcount_pixel_cy<8> (Mcount_pixel_cy<8>)
     XORCY:CI->O           1   0.320   0.000  Mcount_pixel_xor<9> (Mcount_pixel9)
     FDCE:D                    0.011          pixel_9
    ----------------------------------------
    Total                      2.485ns (0.854ns logic, 1.631ns route)
                                       (34.4% logic, 65.6% route)

=========================================================================
Timing constraint: Default OFFSET IN BEFORE for Clock 'clk_100Mhz'
  Total number of paths / destination ports: 43 / 43
-------------------------------------------------------------------------
Offset:              2.003ns (Levels of Logic = 3)
  Source:            enable_25Mhz (PAD)
  Destination:       sinc_v_i (FF)
  Destination Clock: clk_100Mhz rising

  Data Path: enable_25Mhz to sinc_v_i
                                Gate     Net
    Cell:in->out      fanout   Delay   Delay  Logical Name (Net Name)
    ----------------------------------------  ------------
     IBUF:I->O            13   0.000   0.819  enable_25Mhz_IBUF (enable_25Mhz_IBUF)
     LUT6:I0->O            1   0.053   0.413  _n0057_inv_SW0 (N2)
     LUT6:I5->O           11   0.053   0.465  _n0057_inv (_n0057_inv)
     FDE:CE                    0.200          sinc_v_i
    ----------------------------------------
    Total                      2.003ns (0.306ns logic, 1.697ns route)
                                       (15.3% logic, 84.7% route)

=========================================================================
Timing constraint: Default OFFSET OUT AFTER for Clock 'clk_100Mhz'
  Total number of paths / destination ports: 3 / 3
-------------------------------------------------------------------------
Offset:              0.681ns (Levels of Logic = 1)
  Source:            sinc_h_i (FF)
  Destination:       sinc_h (PAD)
  Source Clock:      clk_100Mhz rising

  Data Path: sinc_h_i to sinc_h
                                Gate     Net
    Cell:in->out      fanout   Delay   Delay  Logical Name (Net Name)
    ----------------------------------------  ------------
     FDE:C->Q              1   0.282   0.399  sinc_h_i (sinc_h_i)
     OBUF:I->O                 0.000          sinc_h_OBUF (sinc_h)
    ----------------------------------------
    Total                      0.681ns (0.282ns logic, 0.399ns route)
                                       (41.4% logic, 58.6% route)

=========================================================================

Cross Clock Domains Report:
--------------------------

Clock to Setup on destination clock clk_100Mhz
---------------+---------+---------+---------+---------+
               | Src:Rise| Src:Fall| Src:Rise| Src:Fall|
Source Clock   |Dest:Rise|Dest:Rise|Dest:Fall|Dest:Fall|
---------------+---------+---------+---------+---------+
clk_100Mhz     |    2.485|         |         |         |
---------------+---------+---------+---------+---------+

=========================================================================


Total REAL time to Xst completion: 5.00 secs
Total CPU time to Xst completion: 5.35 secs
 
--> 

Total memory usage is 4618008 kilobytes

Number of errors   :    0 (   0 filtered)
Number of warnings :    0 (   0 filtered)
Number of infos    :    0 (   0 filtered)

