Running: C:\Xilinx\14.7\ISE_DS\ISE\bin\nt64\unwrapped\fuse.exe -intstyle ise -incremental -lib secureip -o E:/Universidad/Telematica/4o/SOCS-FPGAS/lab3/lab3atb_isim_beh.exe -prj E:/Universidad/Telematica/4o/SOCS-FPGAS/lab3/lab3atb_beh.prj work.lab3atb 
ISim P.20131013 (signature 0x7708f090)
Number of CPUs detected in this system: 12
Turning on mult-threading, number of parallel sub-compilation jobs: 24 
Determining compilation order of HDL files
Parsing VHDL file "E:/Universidad/Telematica/4o/SOCS-FPGAS/lab3/vga.vhd" into library work
Parsing VHDL file "E:/Universidad/Telematica/4o/SOCS-FPGAS/lab3/ROM.vhd" into library work
Parsing VHDL file "E:/Universidad/Telematica/4o/SOCS-FPGAS/lab3/mmcem2.vhd" into library work
Parsing VHDL file "E:/Universidad/Telematica/4o/SOCS-FPGAS/lab3/lab3a.vhd" into library work
Parsing VHDL file "E:/Universidad/Telematica/4o/SOCS-FPGAS/lab3/lab3atb.vhd" into library work
Starting static elaboration
Completed static elaboration
Compiling package standard
Compiling package std_logic_1164
Compiling package numeric_std
Compiling package vcomponents
Compiling package std_logic_arith
Compiling package std_logic_unsigned
Compiling architecture behavioral of entity vga [vga_default]
Compiling package std_logic_signed
Compiling package textio
Compiling package vital_timing
Compiling package vital_primitives
Compiling package vpkg
Compiling architecture mmcme2_adv_v of entity MMCME2_ADV [\MMCME2_ADV:lab3atb:uut:modulo_r...]
Compiling architecture mmcme2_base_v of entity MMCME2_BASE [\MMCME2_BASE:lab3atb:uut:modulo_...]
Compiling architecture ibufg_v of entity IBUFG [\IBUFG("DONT_CARE","0",true,"DEF...]
Compiling architecture bufg_v of entity BUFG [bufg_default]
Compiling architecture behavioral of entity mmcme2 [\mmcme2:lab3atb:uut:modulo_reloj...]
Compiling architecture behavioral of entity ROM [rom_default]
Compiling architecture behavioral of entity lab3a [\lab3a:lab3atb:uut:\]
Compiling architecture behavior of entity lab3atb
Time Resolution for simulation is 1ps.
Compiled 28 VHDL Units
Built simulation executable E:/Universidad/Telematica/4o/SOCS-FPGAS/lab3/lab3atb_isim_beh.exe
Fuse Memory Usage: 64732 KB
Fuse CPU Usage: 514 ms
